[24-07-2018 03:41:37] PayPal\Core\PayPalHttpConnection : INFO: POST https://api.sandbox.paypal.com/v1/oauth2/token
[24-07-2018 03:41:37] PayPal\Core\PayPalHttpConnection : DEBUG: Request Headers 	: POST /v1/oauth2/token HTTP/1.1, Host: api.sandbox.paypal.com, User-Agent: PayPalSDK/PayPal-PHP-SDK 1.13.0 (platform-ver=7.1.18; bit=32; os=Windows_NT_10.0; machine=i586; crypto-lib-ver=1.0.2o; curl=7.59.0), Authorization: Basic QVN4RE1aaTRMWTQ0Ry1nZ0dPcGZPUm1IeENKcGoxOVNPX3lSOGY4OTljazhRY2I4cUxSc09idjJ5NTRiSUtvczRObzd4RGQzanNEWXJJQXYNCjpFQ3YwWUxRdFlwZEFQMnFNSnZZMFRxeGNlNzE2b0hNMlEtZmtLczZ1TnM4OTJUdEtZUzd3bERsU3UtSExlTVdlRzRWUko1alZVQVFrX1lrMQ==, Accept: */*, Content-Length: 29, Content-Type: application/x-www-form-urlencoded, , 
[24-07-2018 03:41:37] PayPal\Core\PayPalHttpConnection : DEBUG: Request Data		: grant_type=client_credentials
--------------------------------------------------------------------------------------------------------------------------------

[24-07-2018 03:41:37] PayPal\Core\PayPalHttpConnection : INFO: Response Status 	: 401
[24-07-2018 03:41:37] PayPal\Core\PayPalHttpConnection : DEBUG: Response Headers	: Date: Tue, 24 Jul 2018 01:41:38 GMT, Server: Apache, paypal-debug-id: d3e10f9153973, X-PAYPAL-TOKEN-SERVICE: IAAS, HTTP_X_PP_AZ_LOCATOR: sandbox.slc, Paypal-Debug-Id: d3e10f9153973, Set-Cookie: X-PP-SILOVER=; Expires=Thu, 01 Jan 1970 00:00:01 GMT, Vary: Authorization, Content-Length: 77, Connection: close, Content-Type: application/json, 
[24-07-2018 03:41:38] PayPal\Core\PayPalHttpConnection : ERROR: Got Http response code 401 when accessing https://api.sandbox.paypal.com/v1/oauth2/token. {"error":"invalid_client","error_description":"Client Authentication failed"}
[24-07-2018 03:41:38] PayPal\Core\PayPalHttpConnection : DEBUG: 

================================================================================================================================

[24-07-2018 05:03:41] PayPal\Core\PayPalHttpConnection : INFO: POST https://api.sandbox.paypal.com/v1/oauth2/token
[24-07-2018 05:03:42] PayPal\Core\PayPalHttpConnection : DEBUG: Request Headers 	: POST /v1/oauth2/token HTTP/1.1, Host: api.sandbox.paypal.com, User-Agent: PayPalSDK/PayPal-PHP-SDK 1.13.0 (platform-ver=7.1.18; bit=32; os=Windows_NT_10.0; machine=i586; crypto-lib-ver=1.0.2o; curl=7.59.0), Authorization: Basic DQpBU2VxQ28yT09PR3RSSWp2UnJBRjlNNEN2YnBfUTBYanhRSkpFZGhaQ0lkQ2FQLWZ4VHg2eVllMWxTQVNVcVFhS2lxaUcyNXV5R09TdDIxRQ0KDQoNCjpFTllUd2ZlLTJraVkyOUtHeElEeW9qeFB4U0tNX2xmN2lGdEkydXB5QWY4LWFDRkQ4ZW1mMGJZWGJqSjlhcGhXZExxRUVLLVowN0gtMjBXRg==, Accept: */*, Content-Length: 29, Content-Type: application/x-www-form-urlencoded, , 
[24-07-2018 05:03:42] PayPal\Core\PayPalHttpConnection : DEBUG: Request Data		: grant_type=client_credentials
--------------------------------------------------------------------------------------------------------------------------------

[24-07-2018 05:03:42] PayPal\Core\PayPalHttpConnection : INFO: Response Status 	: 401
[24-07-2018 05:03:42] PayPal\Core\PayPalHttpConnection : DEBUG: Response Headers	: Date: Tue, 24 Jul 2018 03:03:43 GMT, Server: Apache, paypal-debug-id: 8267f421b3bc4, X-PAYPAL-TOKEN-SERVICE: IAAS, HTTP_X_PP_AZ_LOCATOR: sandbox.slc, Paypal-Debug-Id: 8267f421b3bc4, Set-Cookie: X-PP-SILOVER=; Expires=Thu, 01 Jan 1970 00:00:01 GMT, Vary: Authorization, Content-Length: 77, Connection: close, Content-Type: application/json, 
[24-07-2018 05:03:42] PayPal\Core\PayPalHttpConnection : ERROR: Got Http response code 401 when accessing https://api.sandbox.paypal.com/v1/oauth2/token. {"error":"invalid_client","error_description":"Client Authentication failed"}
[24-07-2018 05:03:42] PayPal\Core\PayPalHttpConnection : DEBUG: 

================================================================================================================================

[24-07-2018 05:37:47] PayPal\Core\PayPalHttpConnection : INFO: POST https://api.sandbox.paypal.com/v1/oauth2/token
[24-07-2018 05:37:48] PayPal\Core\PayPalHttpConnection : DEBUG: Request Headers 	: POST /v1/oauth2/token HTTP/1.1, Host: api.sandbox.paypal.com, User-Agent: PayPalSDK/PayPal-PHP-SDK 1.13.0 (platform-ver=7.1.18; bit=32; os=Windows_NT_10.0; machine=i586; crypto-lib-ver=1.0.2o; curl=7.59.0), Authorization: Basic DQpBU2VxQ28yT09PR3RSSWp2UnJBRjlNNEN2YnBfUTBYanhRSkpFZGhaQ0lkQ2FQLWZ4VHg2eVllMWxTQVNVcVFhS2lxaUcyNXV5R09TdDIxRQ0KDQoNCjpFTllUd2ZlLTJraVkyOUtHeElEeW9qeFB4U0tNX2xmN2lGdEkydXB5QWY4LWFDRkQ4ZW1mMGJZWGJqSjlhcGhXZExxRUVLLVowN0gtMjBXRg==, Accept: */*, Content-Length: 29, Content-Type: application/x-www-form-urlencoded, , 
[24-07-2018 05:37:48] PayPal\Core\PayPalHttpConnection : DEBUG: Request Data		: grant_type=client_credentials
--------------------------------------------------------------------------------------------------------------------------------

[24-07-2018 05:37:48] PayPal\Core\PayPalHttpConnection : INFO: Response Status 	: 401
[24-07-2018 05:37:48] PayPal\Core\PayPalHttpConnection : DEBUG: Response Headers	: Date: Tue, 24 Jul 2018 03:37:49 GMT, Server: Apache, paypal-debug-id: 9499265026e43, X-PAYPAL-TOKEN-SERVICE: IAAS, HTTP_X_PP_AZ_LOCATOR: sandbox.slc, Paypal-Debug-Id: 9499265026e43, Set-Cookie: X-PP-SILOVER=; Expires=Thu, 01 Jan 1970 00:00:01 GMT, Vary: Authorization, Content-Length: 77, Connection: close, Content-Type: application/json, 
[24-07-2018 05:37:48] PayPal\Core\PayPalHttpConnection : ERROR: Got Http response code 401 when accessing https://api.sandbox.paypal.com/v1/oauth2/token. {"error":"invalid_client","error_description":"Client Authentication failed"}
[24-07-2018 05:37:48] PayPal\Core\PayPalHttpConnection : DEBUG: 

================================================================================================================================

[24-07-2018 05:45:02] PayPal\Core\PayPalHttpConnection : INFO: POST https://api.sandbox.paypal.com/v1/oauth2/token
[24-07-2018 05:45:07] PayPal\Core\PayPalHttpConnection : DEBUG: Request Headers 	: POST /v1/oauth2/token HTTP/1.1, Host: api.sandbox.paypal.com, User-Agent: PayPalSDK/PayPal-PHP-SDK 1.13.0 (platform-ver=7.1.18; bit=32; os=Windows_NT_10.0; machine=i586; crypto-lib-ver=1.0.2o; curl=7.59.0), Authorization: Basic DQpBU2VxQ28yT09PR3RSSWp2UnJBRjlNNEN2YnBfUTBYanhRSkpFZGhaQ0lkQ2FQLWZ4VHg2eVllMWxTQVNVcVFhS2lxaUcyNXV5R09TdDIxRQ0KDQoNCjpFTllUd2ZlLTJraVkyOUtHeElEeW9qeFB4U0tNX2xmN2lGdEkydXB5QWY4LWFDRkQ4ZW1mMGJZWGJqSjlhcGhXZExxRUVLLVowN0gtMjBXRg==, Accept: */*, Content-Length: 29, Content-Type: application/x-www-form-urlencoded, , 
[24-07-2018 05:45:07] PayPal\Core\PayPalHttpConnection : DEBUG: Request Data		: grant_type=client_credentials
--------------------------------------------------------------------------------------------------------------------------------

[24-07-2018 05:45:07] PayPal\Core\PayPalHttpConnection : INFO: Response Status 	: 401
[24-07-2018 05:45:07] PayPal\Core\PayPalHttpConnection : DEBUG: Response Headers	: Date: Tue, 24 Jul 2018 03:45:07 GMT, Server: Apache, paypal-debug-id: 97357552e668f, X-PAYPAL-TOKEN-SERVICE: IAAS, HTTP_X_PP_AZ_LOCATOR: sandbox.slc, Paypal-Debug-Id: 97357552e668f, Set-Cookie: X-PP-SILOVER=; Expires=Thu, 01 Jan 1970 00:00:01 GMT, Vary: Authorization, Content-Length: 77, Connection: close, Content-Type: application/json, 
[24-07-2018 05:45:07] PayPal\Core\PayPalHttpConnection : ERROR: Got Http response code 401 when accessing https://api.sandbox.paypal.com/v1/oauth2/token. {"error":"invalid_client","error_description":"Client Authentication failed"}
[24-07-2018 05:45:07] PayPal\Core\PayPalHttpConnection : DEBUG: 

================================================================================================================================

[24-07-2018 05:48:50] PayPal\Core\PayPalHttpConnection : INFO: POST https://api.sandbox.paypal.com/v1/oauth2/token
[24-07-2018 05:48:51] PayPal\Core\PayPalHttpConnection : DEBUG: Request Headers 	: POST /v1/oauth2/token HTTP/1.1, Host: api.sandbox.paypal.com, User-Agent: PayPalSDK/PayPal-PHP-SDK 1.13.0 (platform-ver=7.1.18; bit=32; os=Windows_NT_10.0; machine=i586; crypto-lib-ver=1.0.2o; curl=7.59.0), Authorization: Basic DQpBU2VxQ28yT09PR3RSSWp2UnJBRjlNNEN2YnBfUTBYanhRSkpFZGhaQ0lkQ2FQLWZ4VHg2eVllMWxTQVNVcVFhS2lxaUcyNXV5R09TdDIxRQ0KDQoNCjpFTllUd2ZlLTJraVkyOUtHeElEeW9qeFB4U0tNX2xmN2lGdEkydXB5QWY4LWFDRkQ4ZW1mMGJZWGJqSjlhcGhXZExxRUVLLVowN0gtMjBXRg==, Accept: */*, Content-Length: 29, Content-Type: application/x-www-form-urlencoded, , 
[24-07-2018 05:48:51] PayPal\Core\PayPalHttpConnection : DEBUG: Request Data		: grant_type=client_credentials
--------------------------------------------------------------------------------------------------------------------------------

[24-07-2018 05:48:51] PayPal\Core\PayPalHttpConnection : INFO: Response Status 	: 401
[24-07-2018 05:48:51] PayPal\Core\PayPalHttpConnection : DEBUG: Response Headers	: Date: Tue, 24 Jul 2018 03:48:51 GMT, Server: Apache, paypal-debug-id: 3a4d280ed8dba, X-PAYPAL-TOKEN-SERVICE: IAAS, HTTP_X_PP_AZ_LOCATOR: sandbox.slc, Paypal-Debug-Id: 3a4d280ed8dba, Set-Cookie: X-PP-SILOVER=; Expires=Thu, 01 Jan 1970 00:00:01 GMT, Vary: Authorization, Content-Length: 77, Connection: close, Content-Type: application/json, 
[24-07-2018 05:48:51] PayPal\Core\PayPalHttpConnection : ERROR: Got Http response code 401 when accessing https://api.sandbox.paypal.com/v1/oauth2/token. {"error":"invalid_client","error_description":"Client Authentication failed"}
[24-07-2018 05:48:51] PayPal\Core\PayPalHttpConnection : DEBUG: 

================================================================================================================================

[24-07-2018 06:16:22] PayPal\Core\PayPalHttpConnection : INFO: POST https://api.sandbox.paypal.com/v1/oauth2/token
[24-07-2018 06:16:23] PayPal\Core\PayPalHttpConnection : DEBUG: Request Headers 	: POST /v1/oauth2/token HTTP/1.1, Host: api.sandbox.paypal.com, User-Agent: PayPalSDK/PayPal-PHP-SDK 1.13.0 (platform-ver=7.1.18; bit=32; os=Windows_NT_10.0; machine=i586; crypto-lib-ver=1.0.2o; curl=7.59.0), Authorization: Basic DQpBU2VxQ28yT09PR3RSSWp2UnJBRjlNNEN2YnBfUTBYanhRSkpFZGhaQ0lkQ2FQLWZ4VHg2eVllMWxTQVNVcVFhS2lxaUcyNXV5R09TdDIxRQ0KDQoNCjpFTllUd2ZlLTJraVkyOUtHeElEeW9qeFB4U0tNX2xmN2lGdEkydXB5QWY4LWFDRkQ4ZW1mMGJZWGJqSjlhcGhXZExxRUVLLVowN0gtMjBXRg==, Accept: */*, Content-Length: 29, Content-Type: application/x-www-form-urlencoded, , 
[24-07-2018 06:16:23] PayPal\Core\PayPalHttpConnection : DEBUG: Request Data		: grant_type=client_credentials
--------------------------------------------------------------------------------------------------------------------------------

[24-07-2018 06:16:23] PayPal\Core\PayPalHttpConnection : INFO: Response Status 	: 401
[24-07-2018 06:16:23] PayPal\Core\PayPalHttpConnection : DEBUG: Response Headers	: Date: Tue, 24 Jul 2018 04:16:23 GMT, Server: Apache, paypal-debug-id: dda07bbfea41c, X-PAYPAL-TOKEN-SERVICE: IAAS, HTTP_X_PP_AZ_LOCATOR: sandbox.slc, Paypal-Debug-Id: dda07bbfea41c, Set-Cookie: X-PP-SILOVER=; Expires=Thu, 01 Jan 1970 00:00:01 GMT, Vary: Authorization, Content-Length: 77, Connection: close, Content-Type: application/json, 
[24-07-2018 06:16:23] PayPal\Core\PayPalHttpConnection : ERROR: Got Http response code 401 when accessing https://api.sandbox.paypal.com/v1/oauth2/token. {"error":"invalid_client","error_description":"Client Authentication failed"}
[24-07-2018 06:16:23] PayPal\Core\PayPalHttpConnection : DEBUG: 

================================================================================================================================

[24-07-2018 06:33:20] PayPal\Core\PayPalHttpConnection : INFO: POST https://api.sandbox.paypal.com/v1/oauth2/token
[24-07-2018 06:33:21] PayPal\Core\PayPalHttpConnection : DEBUG: Request Headers 	: POST /v1/oauth2/token HTTP/1.1, Host: api.sandbox.paypal.com, User-Agent: PayPalSDK/PayPal-PHP-SDK 1.13.0 (platform-ver=7.1.18; bit=32; os=Windows_NT_10.0; machine=i586; crypto-lib-ver=1.0.2o; curl=7.59.0), Authorization: Basic DQpBU2VxQ28yT09PR3RSSWp2UnJBRjlNNEN2YnBfUTBYanhRSkpFZGhaQ0lkQ2FQLWZ4VHg2eVllMWxTQVNVcVFhS2lxaUcyNXV5R09TdDIxRQ0KDQoNCjpFTllUd2ZlLTJraVkyOUtHeElEeW9qeFB4U0tNX2xmN2lGdEkydXB5QWY4LWFDRkQ4ZW1mMGJZWGJqSjlhcGhXZExxRUVLLVowN0gtMjBXRg==, Accept: */*, Content-Length: 29, Content-Type: application/x-www-form-urlencoded, , 
[24-07-2018 06:33:21] PayPal\Core\PayPalHttpConnection : DEBUG: Request Data		: grant_type=client_credentials
--------------------------------------------------------------------------------------------------------------------------------

[24-07-2018 06:33:21] PayPal\Core\PayPalHttpConnection : INFO: Response Status 	: 401
[24-07-2018 06:33:21] PayPal\Core\PayPalHttpConnection : DEBUG: Response Headers	: Date: Tue, 24 Jul 2018 04:33:22 GMT, Server: Apache, paypal-debug-id: f96508bf6a2, X-PAYPAL-TOKEN-SERVICE: IAAS, HTTP_X_PP_AZ_LOCATOR: sandbox.slc, Paypal-Debug-Id: f96508bf6a2, Set-Cookie: X-PP-SILOVER=; Expires=Thu, 01 Jan 1970 00:00:01 GMT, Vary: Authorization, Content-Length: 77, Connection: close, Content-Type: application/json, 
[24-07-2018 06:33:21] PayPal\Core\PayPalHttpConnection : ERROR: Got Http response code 401 when accessing https://api.sandbox.paypal.com/v1/oauth2/token. {"error":"invalid_client","error_description":"Client Authentication failed"}
[24-07-2018 06:33:21] PayPal\Core\PayPalHttpConnection : DEBUG: 

================================================================================================================================

[24-07-2018 15:27:12] PayPal\Core\PayPalHttpConnection : INFO: POST https://api.sandbox.paypal.com/v1/oauth2/token
[24-07-2018 15:27:13] PayPal\Core\PayPalHttpConnection : DEBUG: Request Headers 	: POST /v1/oauth2/token HTTP/1.1, Host: api.sandbox.paypal.com, User-Agent: PayPalSDK/PayPal-PHP-SDK 1.13.0 (platform-ver=7.1.18; bit=32; os=Windows_NT_10.0; machine=i586; crypto-lib-ver=1.0.2o; curl=7.59.0), Authorization: Basic DQpBU2VxQ28yT09PR3RSSWp2UnJBRjlNNEN2YnBfUTBYanhRSkpFZGhaQ0lkQ2FQLWZ4VHg2eVllMWxTQVNVcVFhS2lxaUcyNXV5R09TdDIxRQ0KDQoNCjpFTllUd2ZlLTJraVkyOUtHeElEeW9qeFB4U0tNX2xmN2lGdEkydXB5QWY4LWFDRkQ4ZW1mMGJZWGJqSjlhcGhXZExxRUVLLVowN0gtMjBXRg==, Accept: */*, Content-Length: 29, Content-Type: application/x-www-form-urlencoded, , 
[24-07-2018 15:27:13] PayPal\Core\PayPalHttpConnection : DEBUG: Request Data		: grant_type=client_credentials
--------------------------------------------------------------------------------------------------------------------------------

[24-07-2018 15:27:13] PayPal\Core\PayPalHttpConnection : INFO: Response Status 	: 401
[24-07-2018 15:27:13] PayPal\Core\PayPalHttpConnection : DEBUG: Response Headers	: Date: Tue, 24 Jul 2018 13:27:13 GMT, Server: Apache, paypal-debug-id: f43f9b8d9a03a, X-PAYPAL-TOKEN-SERVICE: IAAS, HTTP_X_PP_AZ_LOCATOR: sandbox.slc, Paypal-Debug-Id: f43f9b8d9a03a, Set-Cookie: X-PP-SILOVER=; Expires=Thu, 01 Jan 1970 00:00:01 GMT, Vary: Authorization, Content-Length: 77, Connection: close, Content-Type: application/json, 
[24-07-2018 15:27:13] PayPal\Core\PayPalHttpConnection : ERROR: Got Http response code 401 when accessing https://api.sandbox.paypal.com/v1/oauth2/token. {"error":"invalid_client","error_description":"Client Authentication failed"}
[24-07-2018 15:27:13] PayPal\Core\PayPalHttpConnection : DEBUG: 

================================================================================================================================

[24-07-2018 19:20:50] PayPal\Core\PayPalHttpConnection : INFO: POST https://api.sandbox.paypal.com/v1/oauth2/token
[24-07-2018 19:20:51] PayPal\Core\PayPalHttpConnection : DEBUG: Request Headers 	: POST /v1/oauth2/token HTTP/1.1, Host: api.sandbox.paypal.com, User-Agent: PayPalSDK/PayPal-PHP-SDK 1.13.0 (platform-ver=7.1.18; bit=32; os=Windows_NT_10.0; machine=i586; crypto-lib-ver=1.0.2o; curl=7.59.0), Authorization: Basic DQpBU2VxQ28yT09PR3RSSWp2UnJBRjlNNEN2YnBfUTBYanhRSkpFZGhaQ0lkQ2FQLWZ4VHg2eVllMWxTQVNVcVFhS2lxaUcyNXV5R09TdDIxRQ0KDQoNCjpFTllUd2ZlLTJraVkyOUtHeElEeW9qeFB4U0tNX2xmN2lGdEkydXB5QWY4LWFDRkQ4ZW1mMGJZWGJqSjlhcGhXZExxRUVLLVowN0gtMjBXRg==, Accept: */*, Content-Length: 29, Content-Type: application/x-www-form-urlencoded, , 
[24-07-2018 19:20:51] PayPal\Core\PayPalHttpConnection : DEBUG: Request Data		: grant_type=client_credentials
--------------------------------------------------------------------------------------------------------------------------------

[24-07-2018 19:20:51] PayPal\Core\PayPalHttpConnection : INFO: Response Status 	: 401
[24-07-2018 19:20:51] PayPal\Core\PayPalHttpConnection : DEBUG: Response Headers	: Date: Tue, 24 Jul 2018 17:20:51 GMT, Server: Apache, paypal-debug-id: f28b5f7bcabf5, X-PAYPAL-TOKEN-SERVICE: IAAS, HTTP_X_PP_AZ_LOCATOR: sandbox.slc, Paypal-Debug-Id: f28b5f7bcabf5, Set-Cookie: X-PP-SILOVER=; Expires=Thu, 01 Jan 1970 00:00:01 GMT, Vary: Authorization, Content-Length: 77, Connection: close, Content-Type: application/json, 
[24-07-2018 19:20:51] PayPal\Core\PayPalHttpConnection : ERROR: Got Http response code 401 when accessing https://api.sandbox.paypal.com/v1/oauth2/token. {"error":"invalid_client","error_description":"Client Authentication failed"}
[24-07-2018 19:20:51] PayPal\Core\PayPalHttpConnection : DEBUG: 

================================================================================================================================

[24-07-2018 21:21:06] PayPal\Core\PayPalHttpConnection : INFO: POST https://api.sandbox.paypal.com/v1/oauth2/token
[24-07-2018 21:21:18] PayPal\Core\PayPalHttpConnection : DEBUG: Request Headers 	: POST /v1/oauth2/token HTTP/1.1, Host: api.sandbox.paypal.com, User-Agent: PayPalSDK/PayPal-PHP-SDK 1.13.0 (platform-ver=7.1.18; bit=32; os=Windows_NT_10.0; machine=i586; crypto-lib-ver=1.0.2o; curl=7.59.0), Authorization: Basic QVRWMDEtc21jeDQ4UkxnUkFqai0wMnRRcC1YempTcEgtbV82cTBJNEs0RTI3VnVWZlNoUGVhNXpxeWNmYUVUeGRCRloyVnFPa0ExMEIweUsNCg0KDQo6RU5lYlhTM29DU2tGYnVSRzYzU0ZZU3RDMjlTNzk5VUlGYkJLZDJobFNDVFpON3VTU0dXWGMtcThZSXA1aHloWHFVdjFQLU5hY3pBY01ZVVo=, Accept: */*, Content-Length: 29, Content-Type: application/x-www-form-urlencoded, , 
[24-07-2018 21:21:18] PayPal\Core\PayPalHttpConnection : DEBUG: Request Data		: grant_type=client_credentials
--------------------------------------------------------------------------------------------------------------------------------

[24-07-2018 21:21:18] PayPal\Core\PayPalHttpConnection : INFO: Response Status 	: 401
[24-07-2018 21:21:18] PayPal\Core\PayPalHttpConnection : DEBUG: Response Headers	: Date: Tue, 24 Jul 2018 19:21:18 GMT, Server: Apache, paypal-debug-id: 74f56245a84bd, X-PAYPAL-TOKEN-SERVICE: IAAS, HTTP_X_PP_AZ_LOCATOR: sandbox.slc, Paypal-Debug-Id: 74f56245a84bd, Set-Cookie: X-PP-SILOVER=; Expires=Thu, 01 Jan 1970 00:00:01 GMT, Vary: Authorization, Content-Length: 77, Connection: close, Content-Type: application/json, 
[24-07-2018 21:21:18] PayPal\Core\PayPalHttpConnection : ERROR: Got Http response code 401 when accessing https://api.sandbox.paypal.com/v1/oauth2/token. {"error":"invalid_client","error_description":"Client Authentication failed"}
[24-07-2018 21:21:18] PayPal\Core\PayPalHttpConnection : DEBUG: 

================================================================================================================================

[24-07-2018 21:22:33] PayPal\Core\PayPalHttpConnection : INFO: POST https://api.sandbox.paypal.com/v1/oauth2/token
[24-07-2018 21:22:38] PayPal\Core\PayPalHttpConnection : DEBUG: Request Headers 	: POST /v1/oauth2/token HTTP/1.1, Host: api.sandbox.paypal.com, User-Agent: PayPalSDK/PayPal-PHP-SDK 1.13.0 (platform-ver=7.1.18; bit=32; os=Windows_NT_10.0; machine=i586; crypto-lib-ver=1.0.2o; curl=7.59.0), Authorization: Basic QVRWMDEtc21jeDQ4UkxnUkFqai0wMnRRcC1YempTcEgtbV82cTBJNEs0RTI3VnVWZlNoUGVhNXpxeWNmYUVUeGRCRloyVnFPa0ExMEIweUsNCg0KDQo6RU5lYlhTM29DU2tGYnVSRzYzU0ZZU3RDMjlTNzk5VUlGYkJLZDJobFNDVFpON3VTU0dXWGMtcThZSXA1aHloWHFVdjFQLU5hY3pBY01ZVVo=, Accept: */*, Content-Length: 29, Content-Type: application/x-www-form-urlencoded, , 
[24-07-2018 21:22:38] PayPal\Core\PayPalHttpConnection : DEBUG: Request Data		: grant_type=client_credentials
--------------------------------------------------------------------------------------------------------------------------------

[24-07-2018 21:22:38] PayPal\Core\PayPalHttpConnection : INFO: Response Status 	: 401
[24-07-2018 21:22:38] PayPal\Core\PayPalHttpConnection : DEBUG: Response Headers	: Date: Tue, 24 Jul 2018 19:22:36 GMT, Server: Apache, paypal-debug-id: 28411572a3103, X-PAYPAL-TOKEN-SERVICE: IAAS, HTTP_X_PP_AZ_LOCATOR: sandbox.slc, Paypal-Debug-Id: 28411572a3103, Set-Cookie: X-PP-SILOVER=; Expires=Thu, 01 Jan 1970 00:00:01 GMT, Vary: Authorization, Content-Length: 77, Connection: close, Content-Type: application/json, 
[24-07-2018 21:22:38] PayPal\Core\PayPalHttpConnection : ERROR: Got Http response code 401 when accessing https://api.sandbox.paypal.com/v1/oauth2/token. {"error":"invalid_client","error_description":"Client Authentication failed"}
[24-07-2018 21:22:38] PayPal\Core\PayPalHttpConnection : DEBUG: 

================================================================================================================================

